2022-08-25 00:03:30.528  INFO 15032 --- [AsyncResolver-bootstrap-executor-0] c.n.d.s.r.aws.ConfigClusterResolver      : Resolving eureka endpoints via configuration
2022-08-25 00:08:31.215  INFO 15032 --- [AsyncResolver-bootstrap-executor-0] c.n.d.s.r.aws.ConfigClusterResolver      : Resolving eureka endpoints via configuration
2022-08-25 00:13:31.220  INFO 15032 --- [AsyncResolver-bootstrap-executor-0] c.n.d.s.r.aws.ConfigClusterResolver      : Resolving eureka endpoints via configuration
2022-08-25 00:18:31.232  INFO 15032 --- [AsyncResolver-bootstrap-executor-0] c.n.d.s.r.aws.ConfigClusterResolver      : Resolving eureka endpoints via configuration
2022-08-25 00:23:31.238  INFO 15032 --- [AsyncResolver-bootstrap-executor-0] c.n.d.s.r.aws.ConfigClusterResolver      : Resolving eureka endpoints via configuration
2022-08-25 00:24:33.590  INFO 15032 --- [cluster-ClusterId{value='630666c0ceba8e44bbf5f0ac', description='null'}-localhost:27017] org.mongodb.driver.connection            : Opened connection [connectionId{localValue:674, serverValue:1}] to localhost:27017
2022-08-25 00:24:33.590  INFO 15032 --- [cluster-rtt-ClusterId{value='630666c0ceba8e44bbf5f0ac', description='null'}-localhost:27017] org.mongodb.driver.connection            : Opened connection [connectionId{localValue:673, serverValue:2}] to localhost:27017
2022-08-25 00:24:33.591  INFO 15032 --- [cluster-ClusterId{value='630666c0ceba8e44bbf5f0ac', description='null'}-localhost:27017] org.mongodb.driver.cluster               : Monitor thread successfully connected to server with description ServerDescription{address=localhost:27017, type=STANDALONE, state=CONNECTED, ok=true, minWireVersion=0, maxWireVersion=13, maxDocumentSize=16777216, logicalSessionTimeoutMinutes=30, roundTripTimeNanos=203873300}
2022-08-25 00:28:31.244  INFO 15032 --- [AsyncResolver-bootstrap-executor-0] c.n.d.s.r.aws.ConfigClusterResolver      : Resolving eureka endpoints via configuration
2022-08-25 00:29:05.031  INFO 15032 --- [cluster-ClusterId{value='630666c0ceba8e44bbf5f0ac', description='null'}-localhost:27017] org.mongodb.driver.cluster               : Exception in monitor thread while connecting to server localhost:27017

com.mongodb.MongoNodeIsRecoveringException: Command failed with error 11600 (InterruptedAtShutdown): 'interrupted at shutdown' on server localhost:27017. The full response is {"ok": 0.0, "errmsg": "interrupted at shutdown", "code": 11600, "codeName": "InterruptedAtShutdown"}
	at com.mongodb.internal.connection.ProtocolHelper.createSpecialException(ProtocolHelper.java:242) ~[mongodb-driver-core-4.1.2.jar:na]
	at com.mongodb.internal.connection.ProtocolHelper.getCommandFailureException(ProtocolHelper.java:171) ~[mongodb-driver-core-4.1.2.jar:na]
	at com.mongodb.internal.connection.InternalStreamConnection.receiveCommandMessageResponse(InternalStreamConnection.java:359) ~[mongodb-driver-core-4.1.2.jar:na]
	at com.mongodb.internal.connection.InternalStreamConnection.receive(InternalStreamConnection.java:316) ~[mongodb-driver-core-4.1.2.jar:na]
	at com.mongodb.internal.connection.DefaultServerMonitor$ServerMonitorRunnable.lookupServerDescription(DefaultServerMonitor.java:215) ~[mongodb-driver-core-4.1.2.jar:na]
	at com.mongodb.internal.connection.DefaultServerMonitor$ServerMonitorRunnable.run(DefaultServerMonitor.java:144) ~[mongodb-driver-core-4.1.2.jar:na]
	at java.base/java.lang.Thread.run(Thread.java:833) ~[na:na]

2022-08-25 00:29:15.037  INFO 15032 --- [cluster-ClusterId{value='630666c0ceba8e44bbf5f0ac', description='null'}-localhost:27017] org.mongodb.driver.cluster               : Exception in monitor thread while connecting to server localhost:27017

com.mongodb.MongoSocketOpenException: Exception opening socket
	at com.mongodb.internal.connection.SocketStream.open(SocketStream.java:70) ~[mongodb-driver-core-4.1.2.jar:na]
	at com.mongodb.internal.connection.InternalStreamConnection.open(InternalStreamConnection.java:143) ~[mongodb-driver-core-4.1.2.jar:na]
	at com.mongodb.internal.connection.DefaultServerMonitor$ServerMonitorRunnable.lookupServerDescription(DefaultServerMonitor.java:188) ~[mongodb-driver-core-4.1.2.jar:na]
	at com.mongodb.internal.connection.DefaultServerMonitor$ServerMonitorRunnable.run(DefaultServerMonitor.java:144) ~[mongodb-driver-core-4.1.2.jar:na]
	at java.base/java.lang.Thread.run(Thread.java:833) ~[na:na]
Caused by: java.net.ConnectException: Connection refused: no further information
	at java.base/sun.nio.ch.Net.pollConnect(Native Method) ~[na:na]
	at java.base/sun.nio.ch.Net.pollConnectNow(Net.java:672) ~[na:na]
	at java.base/sun.nio.ch.NioSocketImpl.timedFinishConnect(NioSocketImpl.java:542) ~[na:na]
	at java.base/sun.nio.ch.NioSocketImpl.connect(NioSocketImpl.java:597) ~[na:na]
	at java.base/java.net.SocksSocketImpl.connect(SocksSocketImpl.java:327) ~[na:na]
	at java.base/java.net.Socket.connect(Socket.java:633) ~[na:na]
	at com.mongodb.internal.connection.SocketStreamHelper.initialize(SocketStreamHelper.java:78) ~[mongodb-driver-core-4.1.2.jar:na]
	at com.mongodb.internal.connection.SocketStream.initializeSocket(SocketStream.java:79) ~[mongodb-driver-core-4.1.2.jar:na]
	at com.mongodb.internal.connection.SocketStream.open(SocketStream.java:65) ~[mongodb-driver-core-4.1.2.jar:na]
	... 4 common frames omitted

2022-08-25 00:29:59.347  INFO 15032 --- [RMI TCP Connection(73)-127.0.0.1] inMXBeanRegistrar$SpringApplicationAdmin : Application shutdown requested.
2022-08-25 00:29:59.441  INFO 15032 --- [RMI TCP Connection(73)-127.0.0.1] o.s.c.n.e.s.EurekaServiceRegistry        : Unregistering application PAYMENT with eureka with status DOWN
2022-08-25 00:29:59.441  INFO 15032 --- [RMI TCP Connection(73)-127.0.0.1] com.netflix.discovery.DiscoveryClient    : Saw local status change event StatusChangeEvent [timestamp=1661367599441, current=DOWN, previous=UP]
2022-08-25 00:29:59.461  INFO 15032 --- [DiscoveryClient-InstanceInfoReplicator-0] com.netflix.discovery.DiscoveryClient    : DiscoveryClient_PAYMENT/LIN80020993.corp.capgemini.com:Payment:8094: registering service...
2022-08-25 00:29:59.501  INFO 15032 --- [DiscoveryClient-InstanceInfoReplicator-0] com.netflix.discovery.DiscoveryClient    : DiscoveryClient_PAYMENT/LIN80020993.corp.capgemini.com:Payment:8094 - registration status: 204
2022-08-25 00:29:59.867  INFO 15032 --- [RMI TCP Connection(73)-127.0.0.1] o.s.s.concurrent.ThreadPoolTaskExecutor  : Shutting down ExecutorService 'applicationTaskExecutor'
2022-08-25 00:29:59.939  INFO 15032 --- [RMI TCP Connection(73)-127.0.0.1] com.netflix.discovery.DiscoveryClient    : Shutting down DiscoveryClient ...
2022-08-25 00:30:02.993  INFO 15032 --- [RMI TCP Connection(73)-127.0.0.1] com.netflix.discovery.DiscoveryClient    : Unregistering ...
2022-08-25 00:30:03.086  INFO 15032 --- [RMI TCP Connection(73)-127.0.0.1] com.netflix.discovery.DiscoveryClient    : DiscoveryClient_PAYMENT/LIN80020993.corp.capgemini.com:Payment:8094 - deregister  status: 200
2022-08-25 00:30:03.175  INFO 15032 --- [RMI TCP Connection(73)-127.0.0.1] com.netflix.discovery.DiscoveryClient    : Completed shut down of DiscoveryClient
2022-08-25 09:54:14.206  INFO 4112 --- [restartedMain] com.payment.PaymentApplication           : Starting PaymentApplication using Java 17.0.3 on LIN80020993 with PID 4112 (C:\Users\apatil86\Desktop\FinalProject\backend\Payment\target\classes started by apatil86 in C:\Users\apatil86\Desktop\FinalProject\backend\Payment)
2022-08-25 09:54:14.248  INFO 4112 --- [restartedMain] com.payment.PaymentApplication           : No active profile set, falling back to default profiles: default
2022-08-25 09:54:15.632  INFO 4112 --- [restartedMain] .e.DevToolsPropertyDefaultsPostProcessor : Devtools property defaults active! Set 'spring.devtools.add-properties' to 'false' to disable
2022-08-25 09:54:15.634  INFO 4112 --- [restartedMain] .e.DevToolsPropertyDefaultsPostProcessor : For additional web related logging consider setting the 'logging.level.web' property to 'DEBUG'
2022-08-25 09:54:26.049  INFO 4112 --- [restartedMain] .s.d.r.c.RepositoryConfigurationDelegate : Bootstrapping Spring Data MongoDB repositories in DEFAULT mode.
2022-08-25 09:54:37.827  INFO 4112 --- [restartedMain] .s.d.r.c.RepositoryConfigurationDelegate : Finished Spring Data repository scanning in 11290 ms. Found 2 MongoDB repository interfaces.
2022-08-25 09:54:40.293  INFO 4112 --- [restartedMain] o.s.cloud.context.scope.GenericScope     : BeanFactory id=9e1d8088-73d6-30ec-b6a7-4372c99bf7d9
2022-08-25 09:54:45.941  INFO 4112 --- [restartedMain] o.s.b.w.embedded.tomcat.TomcatWebServer  : Tomcat initialized with port(s): 8094 (http)
2022-08-25 09:54:46.254  INFO 4112 --- [restartedMain] o.apache.catalina.core.StandardService   : Starting service [Tomcat]
2022-08-25 09:54:46.256  INFO 4112 --- [restartedMain] org.apache.catalina.core.StandardEngine  : Starting Servlet engine: [Apache Tomcat/9.0.44]
2022-08-25 09:54:47.606  INFO 4112 --- [restartedMain] o.a.c.c.C.[Tomcat].[localhost].[/]       : Initializing Spring embedded WebApplicationContext
2022-08-25 09:54:47.607  INFO 4112 --- [restartedMain] w.s.c.ServletWebServerApplicationContext : Root WebApplicationContext: initialization completed in 31962 ms
2022-08-25 09:54:50.369  INFO 4112 --- [restartedMain] org.mongodb.driver.cluster               : Cluster created with settings {hosts=[localhost:27017], mode=SINGLE, requiredClusterType=UNKNOWN, serverSelectionTimeout='30000 ms'}
2022-08-25 09:54:50.754  INFO 4112 --- [cluster-ClusterId{value='6306f992a5874b23ff4f6ab2', description='null'}-localhost:27017] org.mongodb.driver.cluster               : Exception in monitor thread while connecting to server localhost:27017

com.mongodb.MongoSocketOpenException: Exception opening socket
	at com.mongodb.internal.connection.SocketStream.open(SocketStream.java:70) ~[mongodb-driver-core-4.1.2.jar:na]
	at com.mongodb.internal.connection.InternalStreamConnection.open(InternalStreamConnection.java:143) ~[mongodb-driver-core-4.1.2.jar:na]
	at com.mongodb.internal.connection.DefaultServerMonitor$ServerMonitorRunnable.lookupServerDescription(DefaultServerMonitor.java:188) ~[mongodb-driver-core-4.1.2.jar:na]
	at com.mongodb.internal.connection.DefaultServerMonitor$ServerMonitorRunnable.run(DefaultServerMonitor.java:144) ~[mongodb-driver-core-4.1.2.jar:na]
	at java.base/java.lang.Thread.run(Thread.java:833) ~[na:na]
Caused by: java.net.ConnectException: Connection refused: no further information
	at java.base/sun.nio.ch.Net.pollConnect(Native Method) ~[na:na]
	at java.base/sun.nio.ch.Net.pollConnectNow(Net.java:672) ~[na:na]
	at java.base/sun.nio.ch.NioSocketImpl.timedFinishConnect(NioSocketImpl.java:542) ~[na:na]
	at java.base/sun.nio.ch.NioSocketImpl.connect(NioSocketImpl.java:597) ~[na:na]
	at java.base/java.net.SocksSocketImpl.connect(SocksSocketImpl.java:327) ~[na:na]
	at java.base/java.net.Socket.connect(Socket.java:633) ~[na:na]
	at com.mongodb.internal.connection.SocketStreamHelper.initialize(SocketStreamHelper.java:78) ~[mongodb-driver-core-4.1.2.jar:na]
	at com.mongodb.internal.connection.SocketStream.initializeSocket(SocketStream.java:79) ~[mongodb-driver-core-4.1.2.jar:na]
	at com.mongodb.internal.connection.SocketStream.open(SocketStream.java:65) ~[mongodb-driver-core-4.1.2.jar:na]
	... 4 common frames omitted

2022-08-25 09:54:50.985  WARN 4112 --- [restartedMain] o.s.data.convert.CustomConversions       : Registering converter from class java.time.LocalDateTime to class org.joda.time.LocalDateTime as reading converter although it doesn't convert from a store-supported type! You might want to check your annotation setup at the converter implementation.
2022-08-25 09:54:51.355  WARN 4112 --- [restartedMain] o.s.b.d.a.OptionalLiveReloadServer       : Unable to start LiveReload server
2022-08-25 09:54:51.706  WARN 4112 --- [restartedMain] o.s.data.convert.CustomConversions       : Registering converter from class java.time.LocalDateTime to class org.joda.time.LocalDateTime as reading converter although it doesn't convert from a store-supported type! You might want to check your annotation setup at the converter implementation.
2022-08-25 09:54:55.156  INFO 4112 --- [restartedMain] o.s.s.concurrent.ThreadPoolTaskExecutor  : Initializing ExecutorService 'applicationTaskExecutor'
2022-08-25 09:55:01.973  INFO 4112 --- [restartedMain] DiscoveryClientOptionalArgsConfiguration : Eureka HTTP Client uses RestTemplate.
2022-08-25 09:55:03.347  WARN 4112 --- [restartedMain] iguration$LoadBalancerCaffeineWarnLogger : Spring Cloud LoadBalancer is currently working with the default cache. You can switch to using Caffeine cache, by adding it and org.springframework.cache.caffeine.CaffeineCacheManager to the classpath.
2022-08-25 09:55:03.624  INFO 4112 --- [restartedMain] o.s.c.n.eureka.InstanceInfoFactory       : Setting initial instance status as: STARTING
2022-08-25 09:55:08.441  INFO 4112 --- [restartedMain] com.netflix.discovery.DiscoveryClient    : Initializing Eureka in region us-east-1
2022-08-25 09:55:08.584  INFO 4112 --- [restartedMain] c.n.d.s.r.aws.ConfigClusterResolver      : Resolving eureka endpoints via configuration
2022-08-25 09:55:09.773  INFO 4112 --- [restartedMain] com.netflix.discovery.DiscoveryClient    : Disable delta property : false
2022-08-25 09:55:09.774  INFO 4112 --- [restartedMain] com.netflix.discovery.DiscoveryClient    : Single vip registry refresh property : null
2022-08-25 09:55:09.775  INFO 4112 --- [restartedMain] com.netflix.discovery.DiscoveryClient    : Force full registry fetch : false
2022-08-25 09:55:09.776  INFO 4112 --- [restartedMain] com.netflix.discovery.DiscoveryClient    : Application is null : false
2022-08-25 09:55:09.776  INFO 4112 --- [restartedMain] com.netflix.discovery.DiscoveryClient    : Registered Applications size is zero : true
2022-08-25 09:55:09.777  INFO 4112 --- [restartedMain] com.netflix.discovery.DiscoveryClient    : Application version is -1: true
2022-08-25 09:55:09.777  INFO 4112 --- [restartedMain] com.netflix.discovery.DiscoveryClient    : Getting all instance registry info from the eureka server
2022-08-25 09:55:13.047  INFO 4112 --- [restartedMain] com.netflix.discovery.DiscoveryClient    : The response status is 200
2022-08-25 09:55:13.054  INFO 4112 --- [restartedMain] com.netflix.discovery.DiscoveryClient    : Starting heartbeat executor: renew interval is: 30
2022-08-25 09:55:13.092  INFO 4112 --- [restartedMain] c.n.discovery.InstanceInfoReplicator     : InstanceInfoReplicator onDemand update allowed rate per min is 4
2022-08-25 09:55:13.109  INFO 4112 --- [restartedMain] com.netflix.discovery.DiscoveryClient    : Discovery Client initialized at timestamp 1661401513107 with initial instances count: 0
2022-08-25 09:55:13.110  INFO 4112 --- [restartedMain] o.s.c.n.e.s.EurekaServiceRegistry        : Registering application PAYMENT with eureka with status UP
2022-08-25 09:55:13.111  INFO 4112 --- [restartedMain] com.netflix.discovery.DiscoveryClient    : Saw local status change event StatusChangeEvent [timestamp=1661401513111, current=UP, previous=STARTING]
2022-08-25 09:55:13.114  INFO 4112 --- [DiscoveryClient-InstanceInfoReplicator-0] com.netflix.discovery.DiscoveryClient    : DiscoveryClient_PAYMENT/LIN80020993.corp.capgemini.com:Payment:8094: registering service...
2022-08-25 09:55:13.230  INFO 4112 --- [DiscoveryClient-InstanceInfoReplicator-0] com.netflix.discovery.DiscoveryClient    : DiscoveryClient_PAYMENT/LIN80020993.corp.capgemini.com:Payment:8094 - registration status: 204
2022-08-25 09:55:13.240  INFO 4112 --- [restartedMain] o.s.b.w.embedded.tomcat.TomcatWebServer  : Tomcat started on port(s): 8094 (http) with context path ''
2022-08-25 09:55:13.242  INFO 4112 --- [restartedMain] .s.c.n.e.s.EurekaAutoServiceRegistration : Updating port to 8094
2022-08-25 09:55:13.479  INFO 4112 --- [restartedMain] com.payment.PaymentApplication           : Started PaymentApplication in 66.938 seconds (JVM running for 81.373)
2022-08-25 09:55:43.064  INFO 4112 --- [DiscoveryClient-CacheRefreshExecutor-0] com.netflix.discovery.DiscoveryClient    : Disable delta property : false
2022-08-25 09:55:43.065  INFO 4112 --- [DiscoveryClient-CacheRefreshExecutor-0] com.netflix.discovery.DiscoveryClient    : Single vip registry refresh property : null
2022-08-25 09:55:43.065  INFO 4112 --- [DiscoveryClient-CacheRefreshExecutor-0] com.netflix.discovery.DiscoveryClient    : Force full registry fetch : false
2022-08-25 09:55:43.066  INFO 4112 --- [DiscoveryClient-CacheRefreshExecutor-0] com.netflix.discovery.DiscoveryClient    : Application is null : false
2022-08-25 09:55:43.066  INFO 4112 --- [DiscoveryClient-CacheRefreshExecutor-0] com.netflix.discovery.DiscoveryClient    : Registered Applications size is zero : true
2022-08-25 09:55:43.067  INFO 4112 --- [DiscoveryClient-CacheRefreshExecutor-0] com.netflix.discovery.DiscoveryClient    : Application version is -1: false
2022-08-25 09:55:43.067  INFO 4112 --- [DiscoveryClient-CacheRefreshExecutor-0] com.netflix.discovery.DiscoveryClient    : Getting all instance registry info from the eureka server
2022-08-25 09:55:43.085  INFO 4112 --- [DiscoveryClient-CacheRefreshExecutor-0] com.netflix.discovery.DiscoveryClient    : The response status is 200
2022-08-25 09:56:51.027  INFO 4112 --- [cluster-rtt-ClusterId{value='6306f992a5874b23ff4f6ab2', description='null'}-localhost:27017] org.mongodb.driver.connection            : Opened connection [connectionId{localValue:26, serverValue:9}] to localhost:27017
2022-08-25 09:56:51.027  INFO 4112 --- [cluster-ClusterId{value='6306f992a5874b23ff4f6ab2', description='null'}-localhost:27017] org.mongodb.driver.connection            : Opened connection [connectionId{localValue:25, serverValue:8}] to localhost:27017
2022-08-25 09:56:51.029  INFO 4112 --- [cluster-ClusterId{value='6306f992a5874b23ff4f6ab2', description='null'}-localhost:27017] org.mongodb.driver.cluster               : Monitor thread successfully connected to server with description ServerDescription{address=localhost:27017, type=STANDALONE, state=CONNECTED, ok=true, minWireVersion=0, maxWireVersion=13, maxDocumentSize=16777216, logicalSessionTimeoutMinutes=30, roundTripTimeNanos=105802200}
2022-08-25 10:00:09.789  INFO 4112 --- [AsyncResolver-bootstrap-executor-0] c.n.d.s.r.aws.ConfigClusterResolver      : Resolving eureka endpoints via configuration
2022-08-25 10:05:09.801  INFO 4112 --- [AsyncResolver-bootstrap-executor-0] c.n.d.s.r.aws.ConfigClusterResolver      : Resolving eureka endpoints via configuration
2022-08-25 10:10:09.804  INFO 4112 --- [AsyncResolver-bootstrap-executor-0] c.n.d.s.r.aws.ConfigClusterResolver      : Resolving eureka endpoints via configuration
2022-08-25 10:15:09.809  INFO 4112 --- [AsyncResolver-bootstrap-executor-0] c.n.d.s.r.aws.ConfigClusterResolver      : Resolving eureka endpoints via configuration
2022-08-25 10:20:09.823  INFO 4112 --- [AsyncResolver-bootstrap-executor-0] c.n.d.s.r.aws.ConfigClusterResolver      : Resolving eureka endpoints via configuration
2022-08-25 10:25:09.827  INFO 4112 --- [AsyncResolver-bootstrap-executor-0] c.n.d.s.r.aws.ConfigClusterResolver      : Resolving eureka endpoints via configuration
2022-08-25 10:30:09.830  INFO 4112 --- [AsyncResolver-bootstrap-executor-0] c.n.d.s.r.aws.ConfigClusterResolver      : Resolving eureka endpoints via configuration
2022-08-25 10:35:09.846  INFO 4112 --- [AsyncResolver-bootstrap-executor-0] c.n.d.s.r.aws.ConfigClusterResolver      : Resolving eureka endpoints via configuration
2022-08-25 10:40:09.862  INFO 4112 --- [AsyncResolver-bootstrap-executor-0] c.n.d.s.r.aws.ConfigClusterResolver      : Resolving eureka endpoints via configuration
2022-08-25 10:45:09.886  INFO 4112 --- [AsyncResolver-bootstrap-executor-0] c.n.d.s.r.aws.ConfigClusterResolver      : Resolving eureka endpoints via configuration
2022-08-25 10:50:09.902  INFO 4112 --- [AsyncResolver-bootstrap-executor-0] c.n.d.s.r.aws.ConfigClusterResolver      : Resolving eureka endpoints via configuration
2022-08-25 10:55:09.919  INFO 4112 --- [AsyncResolver-bootstrap-executor-0] c.n.d.s.r.aws.ConfigClusterResolver      : Resolving eureka endpoints via configuration
2022-08-25 11:00:09.922  INFO 4112 --- [AsyncResolver-bootstrap-executor-0] c.n.d.s.r.aws.ConfigClusterResolver      : Resolving eureka endpoints via configuration
